Terminals unused in grammar

    ERROR


State 140 conflicts: 9 shift/reduce
State 152 conflicts: 9 shift/reduce


Grammar

    0 $accept: program $end

    1 program: class_list

    2 class_list: class
    3           | class_list class

    4 class: CLASS TYPEID '{' dummy_feature_list '}' ';'
    5      | CLASS TYPEID INHERITS TYPEID '{' dummy_feature_list '}' ';'
    6      | CLASS error ';' class

    7 dummy_feature_list: ε
    8                   | dummy_feature_list feature
    9                   | dummy_feature_list error ';'

   10 feature: OBJECTID '(' ')' ':' TYPEID '{' expression '}' ';'
   11        | OBJECTID '(' formal_list ')' ':' TYPEID '{' expression '}' ';'
   12        | OBJECTID ':' TYPEID ';'
   13        | OBJECTID ':' TYPEID ASSIGN expression ';'

   14 formal_list: formal
   15            | formal_list ',' formal

   16 formal: OBJECTID ':' TYPEID

   17 block_exprs: expression ';'
   18            | block_exprs expression ';'
   19            | block_exprs error ';'

   20 expr_list: expression
   21          | expr_list ',' expression

   22 let_expr: OBJECTID ':' TYPEID IN expression
   23         | OBJECTID ':' TYPEID ASSIGN expression IN expression
   24         | OBJECTID ':' TYPEID ',' let_expr
   25         | OBJECTID ':' TYPEID ASSIGN expression ',' let_expr
   26         | error ',' let_expr

   27 case_list: case
   28          | case_list case

   29 case: OBJECTID ':' TYPEID DARROW expression ';'

   30 expression: OBJECTID ASSIGN expression
   31           | expression '.' OBJECTID '(' ')'
   32           | expression '.' OBJECTID '(' expr_list ')'
   33           | expression '@' TYPEID '.' OBJECTID '(' ')'
   34           | expression '@' TYPEID '.' OBJECTID '(' expr_list ')'
   35           | OBJECTID '(' ')'
   36           | OBJECTID '(' expr_list ')'
   37           | IF expression THEN expression ELSE expression FI
   38           | WHILE expression LOOP expression POOL
   39           | '{' block_exprs '}'
   40           | LET let_expr
   41           | CASE expression OF case_list ESAC
   42           | NEW TYPEID
   43           | ISVOID expression
   44           | expression '+' expression
   45           | expression '-' expression
   46           | expression '*' expression
   47           | expression '/' expression
   48           | '~' expression
   49           | expression '<' expression
   50           | expression LE expression
   51           | expression '=' expression
   52           | NOT expression
   53           | '(' expression ')'
   54           | OBJECTID
   55           | INT_CONST
   56           | STR_CONST
   57           | BOOL_CONST


Terminals, with rules where they appear

    $end (0) 0
    '(' (40) 10 11 31 32 33 34 35 36 53
    ')' (41) 10 11 31 32 33 34 35 36 53
    '*' (42) 46
    '+' (43) 44
    ',' (44) 15 21 24 25 26
    '-' (45) 45
    '.' (46) 31 32 33 34
    '/' (47) 47
    ':' (58) 10 11 12 13 16 22 23 24 25 29
    ';' (59) 4 5 6 9 10 11 12 13 17 18 19 29
    '<' (60) 49
    '=' (61) 51
    '@' (64) 33 34
    '{' (123) 4 5 10 11 39
    '}' (125) 4 5 10 11 39
    '~' (126) 48
    error (256) 6 9 19 26
    CLASS (258) 4 5 6
    ELSE (259) 37
    FI (260) 37
    IF (261) 37
    IN (262) 22 23
    INHERITS (263) 5
    LET (264) 40
    LOOP (265) 38
    POOL (266) 38
    THEN (267) 37
    WHILE (268) 38
    CASE (269) 41
    ESAC (270) 41
    OF (271) 41
    DARROW (272) 29
    NEW (273) 42
    ISVOID (274) 43
    STR_CONST <symbol> (275) 56
    INT_CONST <symbol> (276) 55
    BOOL_CONST <boolean> (277) 57
    TYPEID <symbol> (278) 4 5 10 11 12 13 16 22 23 24 25 29 33 34 42
    OBJECTID <symbol> (279) 10 11 12 13 16 22 23 24 25 29 30 31 32 33 34 35 36 54
    ASSIGN (280) 13 23 25 30
    NOT (281) 52
    LE (282) 50
    ERROR (283)


Nonterminals, with rules where they appear

    $accept (45)
        on left: 0
    program <program> (46)
        on left: 1
        on right: 0
    class_list <classes> (47)
        on left: 2 3
        on right: 1 3
    class <class_> (48)
        on left: 4 5 6
        on right: 2 3 6
    dummy_feature_list <features> (49)
        on left: 7 8 9
        on right: 4 5 8 9
    feature <feature> (50)
        on left: 10 11 12 13
        on right: 8
    formal_list <formals> (51)
        on left: 14 15
        on right: 11 15
    formal <formal> (52)
        on left: 16
        on right: 14 15
    block_exprs <expressions> (53)
        on left: 17 18 19
        on right: 18 19 39
    expr_list <expressions> (54)
        on left: 20 21
        on right: 21 32 34 36
    let_expr <expression> (55)
        on left: 22 23 24 25 26
        on right: 24 25 26 40
    case_list <cases> (56)
        on left: 27 28
        on right: 28 41
    case <case_> (57)
        on left: 29
        on right: 27 28
    expression <expression> (58)
        on left: 30 31 32 33 34 35 36 37 38 39 40 41 42 43 44 45 46 47 48 49 50 51 52 53 54 55 56 57
        on right: 10 11 13 17 18 20 21 22 23 25 29 30 31 32 33 34 37 38 41 43 44 45 46 47 48 49 50 51 52 53


State 0

    0 $accept: • program $end

    CLASS  shift, and go to state 1

    program     go to state 2
    class_list  go to state 3
    class       go to state 4


State 1

    4 class: CLASS • TYPEID '{' dummy_feature_list '}' ';'
    5      | CLASS • TYPEID INHERITS TYPEID '{' dummy_feature_list '}' ';'
    6      | CLASS • error ';' class

    error   shift, and go to state 5
    TYPEID  shift, and go to state 6


State 2

    0 $accept: program • $end

    $end  shift, and go to state 7


State 3

    1 program: class_list •
    3 class_list: class_list • class

    CLASS  shift, and go to state 1

    $default  reduce using rule 1 (program)

    class  go to state 8


State 4

    2 class_list: class •

    $default  reduce using rule 2 (class_list)


State 5

    6 class: CLASS error • ';' class

    ';'  shift, and go to state 9


State 6

    4 class: CLASS TYPEID • '{' dummy_feature_list '}' ';'
    5      | CLASS TYPEID • INHERITS TYPEID '{' dummy_feature_list '}' ';'

    INHERITS  shift, and go to state 10
    '{'       shift, and go to state 11


State 7

    0 $accept: program $end •

    $default  accept


State 8

    3 class_list: class_list class •

    $default  reduce using rule 3 (class_list)


State 9

    6 class: CLASS error ';' • class

    CLASS  shift, and go to state 1

    class  go to state 12


State 10

    5 class: CLASS TYPEID INHERITS • TYPEID '{' dummy_feature_list '}' ';'

    TYPEID  shift, and go to state 13


State 11

    4 class: CLASS TYPEID '{' • dummy_feature_list '}' ';'

    $default  reduce using rule 7 (dummy_feature_list)

    dummy_feature_list  go to state 14


State 12

    6 class: CLASS error ';' class •

    $default  reduce using rule 6 (class)


State 13

    5 class: CLASS TYPEID INHERITS TYPEID • '{' dummy_feature_list '}' ';'

    '{'  shift, and go to state 15


State 14

    4 class: CLASS TYPEID '{' dummy_feature_list • '}' ';'
    8 dummy_feature_list: dummy_feature_list • feature
    9                   | dummy_feature_list • error ';'

    error     shift, and go to state 16
    OBJECTID  shift, and go to state 17
    '}'       shift, and go to state 18

    feature  go to state 19


State 15

    5 class: CLASS TYPEID INHERITS TYPEID '{' • dummy_feature_list '}' ';'

    $default  reduce using rule 7 (dummy_feature_list)

    dummy_feature_list  go to state 20


State 16

    9 dummy_feature_list: dummy_feature_list error • ';'

    ';'  shift, and go to state 21


State 17

   10 feature: OBJECTID • '(' ')' ':' TYPEID '{' expression '}' ';'
   11        | OBJECTID • '(' formal_list ')' ':' TYPEID '{' expression '}' ';'
   12        | OBJECTID • ':' TYPEID ';'
   13        | OBJECTID • ':' TYPEID ASSIGN expression ';'

    '('  shift, and go to state 22
    ':'  shift, and go to state 23


State 18

    4 class: CLASS TYPEID '{' dummy_feature_list '}' • ';'

    ';'  shift, and go to state 24


State 19

    8 dummy_feature_list: dummy_feature_list feature •

    $default  reduce using rule 8 (dummy_feature_list)


State 20

    5 class: CLASS TYPEID INHERITS TYPEID '{' dummy_feature_list • '}' ';'
    8 dummy_feature_list: dummy_feature_list • feature
    9                   | dummy_feature_list • error ';'

    error     shift, and go to state 16
    OBJECTID  shift, and go to state 17
    '}'       shift, and go to state 25

    feature  go to state 19


State 21

    9 dummy_feature_list: dummy_feature_list error ';' •

    $default  reduce using rule 9 (dummy_feature_list)


State 22

   10 feature: OBJECTID '(' • ')' ':' TYPEID '{' expression '}' ';'
   11        | OBJECTID '(' • formal_list ')' ':' TYPEID '{' expression '}' ';'

    OBJECTID  shift, and go to state 26
    ')'       shift, and go to state 27

    formal_list  go to state 28
    formal       go to state 29


State 23

   12 feature: OBJECTID ':' • TYPEID ';'
   13        | OBJECTID ':' • TYPEID ASSIGN expression ';'

    TYPEID  shift, and go to state 30


State 24

    4 class: CLASS TYPEID '{' dummy_feature_list '}' ';' •

    $default  reduce using rule 4 (class)


State 25

    5 class: CLASS TYPEID INHERITS TYPEID '{' dummy_feature_list '}' • ';'

    ';'  shift, and go to state 31


State 26

   16 formal: OBJECTID • ':' TYPEID

    ':'  shift, and go to state 32


State 27

   10 feature: OBJECTID '(' ')' • ':' TYPEID '{' expression '}' ';'

    ':'  shift, and go to state 33


State 28

   11 feature: OBJECTID '(' formal_list • ')' ':' TYPEID '{' expression '}' ';'
   15 formal_list: formal_list • ',' formal

    ')'  shift, and go to state 34
    ','  shift, and go to state 35


State 29

   14 formal_list: formal •

    $default  reduce using rule 14 (formal_list)


State 30

   12 feature: OBJECTID ':' TYPEID • ';'
   13        | OBJECTID ':' TYPEID • ASSIGN expression ';'

    ASSIGN  shift, and go to state 36
    ';'     shift, and go to state 37


State 31

    5 class: CLASS TYPEID INHERITS TYPEID '{' dummy_feature_list '}' ';' •

    $default  reduce using rule 5 (class)


State 32

   16 formal: OBJECTID ':' • TYPEID

    TYPEID  shift, and go to state 38


State 33

   10 feature: OBJECTID '(' ')' ':' • TYPEID '{' expression '}' ';'

    TYPEID  shift, and go to state 39


State 34

   11 feature: OBJECTID '(' formal_list ')' • ':' TYPEID '{' expression '}' ';'

    ':'  shift, and go to state 40


State 35

   15 formal_list: formal_list ',' • formal

    OBJECTID  shift, and go to state 26

    formal  go to state 41


State 36

   13 feature: OBJECTID ':' TYPEID ASSIGN • expression ';'

    IF          shift, and go to state 42
    LET         shift, and go to state 43
    WHILE       shift, and go to state 44
    CASE        shift, and go to state 45
    NEW         shift, and go to state 46
    ISVOID      shift, and go to state 47
    STR_CONST   shift, and go to state 48
    INT_CONST   shift, and go to state 49
    BOOL_CONST  shift, and go to state 50
    OBJECTID    shift, and go to state 51
    NOT         shift, and go to state 52
    '~'         shift, and go to state 53
    '{'         shift, and go to state 54
    '('         shift, and go to state 55

    expression  go to state 56


State 37

   12 feature: OBJECTID ':' TYPEID ';' •

    $default  reduce using rule 12 (feature)


State 38

   16 formal: OBJECTID ':' TYPEID •

    $default  reduce using rule 16 (formal)


State 39

   10 feature: OBJECTID '(' ')' ':' TYPEID • '{' expression '}' ';'

    '{'  shift, and go to state 57


State 40

   11 feature: OBJECTID '(' formal_list ')' ':' • TYPEID '{' expression '}' ';'

    TYPEID  shift, and go to state 58


State 41

   15 formal_list: formal_list ',' formal •

    $default  reduce using rule 15 (formal_list)


State 42

   37 expression: IF • expression THEN expression ELSE expression FI

    IF          shift, and go to state 42
    LET         shift, and go to state 43
    WHILE       shift, and go to state 44
    CASE        shift, and go to state 45
    NEW         shift, and go to state 46
    ISVOID      shift, and go to state 47
    STR_CONST   shift, and go to state 48
    INT_CONST   shift, and go to state 49
    BOOL_CONST  shift, and go to state 50
    OBJECTID    shift, and go to state 51
    NOT         shift, and go to state 52
    '~'         shift, and go to state 53
    '{'         shift, and go to state 54
    '('         shift, and go to state 55

    expression  go to state 59


State 43

   40 expression: LET • let_expr

    error     shift, and go to state 60
    OBJECTID  shift, and go to state 61

    let_expr  go to state 62


State 44

   38 expression: WHILE • expression LOOP expression POOL

    IF          shift, and go to state 42
    LET         shift, and go to state 43
    WHILE       shift, and go to state 44
    CASE        shift, and go to state 45
    NEW         shift, and go to state 46
    ISVOID      shift, and go to state 47
    STR_CONST   shift, and go to state 48
    INT_CONST   shift, and go to state 49
    BOOL_CONST  shift, and go to state 50
    OBJECTID    shift, and go to state 51
    NOT         shift, and go to state 52
    '~'         shift, and go to state 53
    '{'         shift, and go to state 54
    '('         shift, and go to state 55

    expression  go to state 63


State 45

   41 expression: CASE • expression OF case_list ESAC

    IF          shift, and go to state 42
    LET         shift, and go to state 43
    WHILE       shift, and go to state 44
    CASE        shift, and go to state 45
    NEW         shift, and go to state 46
    ISVOID      shift, and go to state 47
    STR_CONST   shift, and go to state 48
    INT_CONST   shift, and go to state 49
    BOOL_CONST  shift, and go to state 50
    OBJECTID    shift, and go to state 51
    NOT         shift, and go to state 52
    '~'         shift, and go to state 53
    '{'         shift, and go to state 54
    '('         shift, and go to state 55

    expression  go to state 64


State 46

   42 expression: NEW • TYPEID

    TYPEID  shift, and go to state 65


State 47

   43 expression: ISVOID • expression

    IF          shift, and go to state 42
    LET         shift, and go to state 43
    WHILE       shift, and go to state 44
    CASE        shift, and go to state 45
    NEW         shift, and go to state 46
    ISVOID      shift, and go to state 47
    STR_CONST   shift, and go to state 48
    INT_CONST   shift, and go to state 49
    BOOL_CONST  shift, and go to state 50
    OBJECTID    shift, and go to state 51
    NOT         shift, and go to state 52
    '~'         shift, and go to state 53
    '{'         shift, and go to state 54
    '('         shift, and go to state 55

    expression  go to state 66


State 48

   56 expression: STR_CONST •

    $default  reduce using rule 56 (expression)


State 49

   55 expression: INT_CONST •

    $default  reduce using rule 55 (expression)


State 50

   57 expression: BOOL_CONST •

    $default  reduce using rule 57 (expression)


State 51

   30 expression: OBJECTID • ASSIGN expression
   35           | OBJECTID • '(' ')'
   36           | OBJECTID • '(' expr_list ')'
   54           | OBJECTID •

    ASSIGN  shift, and go to state 67
    '('     shift, and go to state 68

    $default  reduce using rule 54 (expression)


State 52

   52 expression: NOT • expression

    IF          shift, and go to state 42
    LET         shift, and go to state 43
    WHILE       shift, and go to state 44
    CASE        shift, and go to state 45
    NEW         shift, and go to state 46
    ISVOID      shift, and go to state 47
    STR_CONST   shift, and go to state 48
    INT_CONST   shift, and go to state 49
    BOOL_CONST  shift, and go to state 50
    OBJECTID    shift, and go to state 51
    NOT         shift, and go to state 52
    '~'         shift, and go to state 53
    '{'         shift, and go to state 54
    '('         shift, and go to state 55

    expression  go to state 69


State 53

   48 expression: '~' • expression

    IF          shift, and go to state 42
    LET         shift, and go to state 43
    WHILE       shift, and go to state 44
    CASE        shift, and go to state 45
    NEW         shift, and go to state 46
    ISVOID      shift, and go to state 47
    STR_CONST   shift, and go to state 48
    INT_CONST   shift, and go to state 49
    BOOL_CONST  shift, and go to state 50
    OBJECTID    shift, and go to state 51
    NOT         shift, and go to state 52
    '~'         shift, and go to state 53
    '{'         shift, and go to state 54
    '('         shift, and go to state 55

    expression  go to state 70


State 54

   39 expression: '{' • block_exprs '}'

    IF          shift, and go to state 42
    LET         shift, and go to state 43
    WHILE       shift, and go to state 44
    CASE        shift, and go to state 45
    NEW         shift, and go to state 46
    ISVOID      shift, and go to state 47
    STR_CONST   shift, and go to state 48
    INT_CONST   shift, and go to state 49
    BOOL_CONST  shift, and go to state 50
    OBJECTID    shift, and go to state 51
    NOT         shift, and go to state 52
    '~'         shift, and go to state 53
    '{'         shift, and go to state 54
    '('         shift, and go to state 55

    block_exprs  go to state 71
    expression   go to state 72


State 55

   53 expression: '(' • expression ')'

    IF          shift, and go to state 42
    LET         shift, and go to state 43
    WHILE       shift, and go to state 44
    CASE        shift, and go to state 45
    NEW         shift, and go to state 46
    ISVOID      shift, and go to state 47
    STR_CONST   shift, and go to state 48
    INT_CONST   shift, and go to state 49
    BOOL_CONST  shift, and go to state 50
    OBJECTID    shift, and go to state 51
    NOT         shift, and go to state 52
    '~'         shift, and go to state 53
    '{'         shift, and go to state 54
    '('         shift, and go to state 55

    expression  go to state 73


State 56

   13 feature: OBJECTID ':' TYPEID ASSIGN expression • ';'
   31 expression: expression • '.' OBJECTID '(' ')'
   32           | expression • '.' OBJECTID '(' expr_list ')'
   33           | expression • '@' TYPEID '.' OBJECTID '(' ')'
   34           | expression • '@' TYPEID '.' OBJECTID '(' expr_list ')'
   44           | expression • '+' expression
   45           | expression • '-' expression
   46           | expression • '*' expression
   47           | expression • '/' expression
   49           | expression • '<' expression
   50           | expression • LE expression
   51           | expression • '=' expression

    LE   shift, and go to state 74
    '<'  shift, and go to state 75
    '='  shift, and go to state 76
    '+'  shift, and go to state 77
    '-'  shift, and go to state 78
    '*'  shift, and go to state 79
    '/'  shift, and go to state 80
    '@'  shift, and go to state 81
    '.'  shift, and go to state 82
    ';'  shift, and go to state 83


State 57

   10 feature: OBJECTID '(' ')' ':' TYPEID '{' • expression '}' ';'

    IF          shift, and go to state 42
    LET         shift, and go to state 43
    WHILE       shift, and go to state 44
    CASE        shift, and go to state 45
    NEW         shift, and go to state 46
    ISVOID      shift, and go to state 47
    STR_CONST   shift, and go to state 48
    INT_CONST   shift, and go to state 49
    BOOL_CONST  shift, and go to state 50
    OBJECTID    shift, and go to state 51
    NOT         shift, and go to state 52
    '~'         shift, and go to state 53
    '{'         shift, and go to state 54
    '('         shift, and go to state 55

    expression  go to state 84


State 58

   11 feature: OBJECTID '(' formal_list ')' ':' TYPEID • '{' expression '}' ';'

    '{'  shift, and go to state 85


State 59

   31 expression: expression • '.' OBJECTID '(' ')'
   32           | expression • '.' OBJECTID '(' expr_list ')'
   33           | expression • '@' TYPEID '.' OBJECTID '(' ')'
   34           | expression • '@' TYPEID '.' OBJECTID '(' expr_list ')'
   37           | IF expression • THEN expression ELSE expression FI
   44           | expression • '+' expression
   45           | expression • '-' expression
   46           | expression • '*' expression
   47           | expression • '/' expression
   49           | expression • '<' expression
   50           | expression • LE expression
   51           | expression • '=' expression

    THEN  shift, and go to state 86
    LE    shift, and go to state 74
    '<'   shift, and go to state 75
    '='   shift, and go to state 76
    '+'   shift, and go to state 77
    '-'   shift, and go to state 78
    '*'   shift, and go to state 79
    '/'   shift, and go to state 80
    '@'   shift, and go to state 81
    '.'   shift, and go to state 82


State 60

   26 let_expr: error • ',' let_expr

    ','  shift, and go to state 87


State 61

   22 let_expr: OBJECTID • ':' TYPEID IN expression
   23         | OBJECTID • ':' TYPEID ASSIGN expression IN expression
   24         | OBJECTID • ':' TYPEID ',' let_expr
   25         | OBJECTID • ':' TYPEID ASSIGN expression ',' let_expr

    ':'  shift, and go to state 88


State 62

   40 expression: LET let_expr •

    $default  reduce using rule 40 (expression)


State 63

   31 expression: expression • '.' OBJECTID '(' ')'
   32           | expression • '.' OBJECTID '(' expr_list ')'
   33           | expression • '@' TYPEID '.' OBJECTID '(' ')'
   34           | expression • '@' TYPEID '.' OBJECTID '(' expr_list ')'
   38           | WHILE expression • LOOP expression POOL
   44           | expression • '+' expression
   45           | expression • '-' expression
   46           | expression • '*' expression
   47           | expression • '/' expression
   49           | expression • '<' expression
   50           | expression • LE expression
   51           | expression • '=' expression

    LOOP  shift, and go to state 89
    LE    shift, and go to state 74
    '<'   shift, and go to state 75
    '='   shift, and go to state 76
    '+'   shift, and go to state 77
    '-'   shift, and go to state 78
    '*'   shift, and go to state 79
    '/'   shift, and go to state 80
    '@'   shift, and go to state 81
    '.'   shift, and go to state 82


State 64

   31 expression: expression • '.' OBJECTID '(' ')'
   32           | expression • '.' OBJECTID '(' expr_list ')'
   33           | expression • '@' TYPEID '.' OBJECTID '(' ')'
   34           | expression • '@' TYPEID '.' OBJECTID '(' expr_list ')'
   41           | CASE expression • OF case_list ESAC
   44           | expression • '+' expression
   45           | expression • '-' expression
   46           | expression • '*' expression
   47           | expression • '/' expression
   49           | expression • '<' expression
   50           | expression • LE expression
   51           | expression • '=' expression

    OF   shift, and go to state 90
    LE   shift, and go to state 74
    '<'  shift, and go to state 75
    '='  shift, and go to state 76
    '+'  shift, and go to state 77
    '-'  shift, and go to state 78
    '*'  shift, and go to state 79
    '/'  shift, and go to state 80
    '@'  shift, and go to state 81
    '.'  shift, and go to state 82


State 65

   42 expression: NEW TYPEID •

    $default  reduce using rule 42 (expression)


State 66

   31 expression: expression • '.' OBJECTID '(' ')'
   32           | expression • '.' OBJECTID '(' expr_list ')'
   33           | expression • '@' TYPEID '.' OBJECTID '(' ')'
   34           | expression • '@' TYPEID '.' OBJECTID '(' expr_list ')'
   43           | ISVOID expression •
   44           | expression • '+' expression
   45           | expression • '-' expression
   46           | expression • '*' expression
   47           | expression • '/' expression
   49           | expression • '<' expression
   50           | expression • LE expression
   51           | expression • '=' expression

    '@'  shift, and go to state 81
    '.'  shift, and go to state 82

    $default  reduce using rule 43 (expression)


State 67

   30 expression: OBJECTID ASSIGN • expression

    IF          shift, and go to state 42
    LET         shift, and go to state 43
    WHILE       shift, and go to state 44
    CASE        shift, and go to state 45
    NEW         shift, and go to state 46
    ISVOID      shift, and go to state 47
    STR_CONST   shift, and go to state 48
    INT_CONST   shift, and go to state 49
    BOOL_CONST  shift, and go to state 50
    OBJECTID    shift, and go to state 51
    NOT         shift, and go to state 52
    '~'         shift, and go to state 53
    '{'         shift, and go to state 54
    '('         shift, and go to state 55

    expression  go to state 91


State 68

   35 expression: OBJECTID '(' • ')'
   36           | OBJECTID '(' • expr_list ')'

    IF          shift, and go to state 42
    LET         shift, and go to state 43
    WHILE       shift, and go to state 44
    CASE        shift, and go to state 45
    NEW         shift, and go to state 46
    ISVOID      shift, and go to state 47
    STR_CONST   shift, and go to state 48
    INT_CONST   shift, and go to state 49
    BOOL_CONST  shift, and go to state 50
    OBJECTID    shift, and go to state 51
    NOT         shift, and go to state 52
    '~'         shift, and go to state 53
    '{'         shift, and go to state 54
    '('         shift, and go to state 55
    ')'         shift, and go to state 92

    expr_list   go to state 93
    expression  go to state 94


State 69

   31 expression: expression • '.' OBJECTID '(' ')'
   32           | expression • '.' OBJECTID '(' expr_list ')'
   33           | expression • '@' TYPEID '.' OBJECTID '(' ')'
   34           | expression • '@' TYPEID '.' OBJECTID '(' expr_list ')'
   44           | expression • '+' expression
   45           | expression • '-' expression
   46           | expression • '*' expression
   47           | expression • '/' expression
   49           | expression • '<' expression
   50           | expression • LE expression
   51           | expression • '=' expression
   52           | NOT expression •

    LE   shift, and go to state 74
    '<'  shift, and go to state 75
    '='  shift, and go to state 76
    '+'  shift, and go to state 77
    '-'  shift, and go to state 78
    '*'  shift, and go to state 79
    '/'  shift, and go to state 80
    '@'  shift, and go to state 81
    '.'  shift, and go to state 82

    $default  reduce using rule 52 (expression)


State 70

   31 expression: expression • '.' OBJECTID '(' ')'
   32           | expression • '.' OBJECTID '(' expr_list ')'
   33           | expression • '@' TYPEID '.' OBJECTID '(' ')'
   34           | expression • '@' TYPEID '.' OBJECTID '(' expr_list ')'
   44           | expression • '+' expression
   45           | expression • '-' expression
   46           | expression • '*' expression
   47           | expression • '/' expression
   48           | '~' expression •
   49           | expression • '<' expression
   50           | expression • LE expression
   51           | expression • '=' expression

    '@'  shift, and go to state 81
    '.'  shift, and go to state 82

    $default  reduce using rule 48 (expression)


State 71

   18 block_exprs: block_exprs • expression ';'
   19            | block_exprs • error ';'
   39 expression: '{' block_exprs • '}'

    error       shift, and go to state 95
    IF          shift, and go to state 42
    LET         shift, and go to state 43
    WHILE       shift, and go to state 44
    CASE        shift, and go to state 45
    NEW         shift, and go to state 46
    ISVOID      shift, and go to state 47
    STR_CONST   shift, and go to state 48
    INT_CONST   shift, and go to state 49
    BOOL_CONST  shift, and go to state 50
    OBJECTID    shift, and go to state 51
    NOT         shift, and go to state 52
    '~'         shift, and go to state 53
    '{'         shift, and go to state 54
    '}'         shift, and go to state 96
    '('         shift, and go to state 55

    expression  go to state 97


State 72

   17 block_exprs: expression • ';'
   31 expression: expression • '.' OBJECTID '(' ')'
   32           | expression • '.' OBJECTID '(' expr_list ')'
   33           | expression • '@' TYPEID '.' OBJECTID '(' ')'
   34           | expression • '@' TYPEID '.' OBJECTID '(' expr_list ')'
   44           | expression • '+' expression
   45           | expression • '-' expression
   46           | expression • '*' expression
   47           | expression • '/' expression
   49           | expression • '<' expression
   50           | expression • LE expression
   51           | expression • '=' expression

    LE   shift, and go to state 74
    '<'  shift, and go to state 75
    '='  shift, and go to state 76
    '+'  shift, and go to state 77
    '-'  shift, and go to state 78
    '*'  shift, and go to state 79
    '/'  shift, and go to state 80
    '@'  shift, and go to state 81
    '.'  shift, and go to state 82
    ';'  shift, and go to state 98


State 73

   31 expression: expression • '.' OBJECTID '(' ')'
   32           | expression • '.' OBJECTID '(' expr_list ')'
   33           | expression • '@' TYPEID '.' OBJECTID '(' ')'
   34           | expression • '@' TYPEID '.' OBJECTID '(' expr_list ')'
   44           | expression • '+' expression
   45           | expression • '-' expression
   46           | expression • '*' expression
   47           | expression • '/' expression
   49           | expression • '<' expression
   50           | expression • LE expression
   51           | expression • '=' expression
   53           | '(' expression • ')'

    LE   shift, and go to state 74
    '<'  shift, and go to state 75
    '='  shift, and go to state 76
    '+'  shift, and go to state 77
    '-'  shift, and go to state 78
    '*'  shift, and go to state 79
    '/'  shift, and go to state 80
    '@'  shift, and go to state 81
    '.'  shift, and go to state 82
    ')'  shift, and go to state 99


State 74

   50 expression: expression LE • expression

    IF          shift, and go to state 42
    LET         shift, and go to state 43
    WHILE       shift, and go to state 44
    CASE        shift, and go to state 45
    NEW         shift, and go to state 46
    ISVOID      shift, and go to state 47
    STR_CONST   shift, and go to state 48
    INT_CONST   shift, and go to state 49
    BOOL_CONST  shift, and go to state 50
    OBJECTID    shift, and go to state 51
    NOT         shift, and go to state 52
    '~'         shift, and go to state 53
    '{'         shift, and go to state 54
    '('         shift, and go to state 55

    expression  go to state 100


State 75

   49 expression: expression '<' • expression

    IF          shift, and go to state 42
    LET         shift, and go to state 43
    WHILE       shift, and go to state 44
    CASE        shift, and go to state 45
    NEW         shift, and go to state 46
    ISVOID      shift, and go to state 47
    STR_CONST   shift, and go to state 48
    INT_CONST   shift, and go to state 49
    BOOL_CONST  shift, and go to state 50
    OBJECTID    shift, and go to state 51
    NOT         shift, and go to state 52
    '~'         shift, and go to state 53
    '{'         shift, and go to state 54
    '('         shift, and go to state 55

    expression  go to state 101


State 76

   51 expression: expression '=' • expression

    IF          shift, and go to state 42
    LET         shift, and go to state 43
    WHILE       shift, and go to state 44
    CASE        shift, and go to state 45
    NEW         shift, and go to state 46
    ISVOID      shift, and go to state 47
    STR_CONST   shift, and go to state 48
    INT_CONST   shift, and go to state 49
    BOOL_CONST  shift, and go to state 50
    OBJECTID    shift, and go to state 51
    NOT         shift, and go to state 52
    '~'         shift, and go to state 53
    '{'         shift, and go to state 54
    '('         shift, and go to state 55

    expression  go to state 102


State 77

   44 expression: expression '+' • expression

    IF          shift, and go to state 42
    LET         shift, and go to state 43
    WHILE       shift, and go to state 44
    CASE        shift, and go to state 45
    NEW         shift, and go to state 46
    ISVOID      shift, and go to state 47
    STR_CONST   shift, and go to state 48
    INT_CONST   shift, and go to state 49
    BOOL_CONST  shift, and go to state 50
    OBJECTID    shift, and go to state 51
    NOT         shift, and go to state 52
    '~'         shift, and go to state 53
    '{'         shift, and go to state 54
    '('         shift, and go to state 55

    expression  go to state 103


State 78

   45 expression: expression '-' • expression

    IF          shift, and go to state 42
    LET         shift, and go to state 43
    WHILE       shift, and go to state 44
    CASE        shift, and go to state 45
    NEW         shift, and go to state 46
    ISVOID      shift, and go to state 47
    STR_CONST   shift, and go to state 48
    INT_CONST   shift, and go to state 49
    BOOL_CONST  shift, and go to state 50
    OBJECTID    shift, and go to state 51
    NOT         shift, and go to state 52
    '~'         shift, and go to state 53
    '{'         shift, and go to state 54
    '('         shift, and go to state 55

    expression  go to state 104


State 79

   46 expression: expression '*' • expression

    IF          shift, and go to state 42
    LET         shift, and go to state 43
    WHILE       shift, and go to state 44
    CASE        shift, and go to state 45
    NEW         shift, and go to state 46
    ISVOID      shift, and go to state 47
    STR_CONST   shift, and go to state 48
    INT_CONST   shift, and go to state 49
    BOOL_CONST  shift, and go to state 50
    OBJECTID    shift, and go to state 51
    NOT         shift, and go to state 52
    '~'         shift, and go to state 53
    '{'         shift, and go to state 54
    '('         shift, and go to state 55

    expression  go to state 105


State 80

   47 expression: expression '/' • expression

    IF          shift, and go to state 42
    LET         shift, and go to state 43
    WHILE       shift, and go to state 44
    CASE        shift, and go to state 45
    NEW         shift, and go to state 46
    ISVOID      shift, and go to state 47
    STR_CONST   shift, and go to state 48
    INT_CONST   shift, and go to state 49
    BOOL_CONST  shift, and go to state 50
    OBJECTID    shift, and go to state 51
    NOT         shift, and go to state 52
    '~'         shift, and go to state 53
    '{'         shift, and go to state 54
    '('         shift, and go to state 55

    expression  go to state 106


State 81

   33 expression: expression '@' • TYPEID '.' OBJECTID '(' ')'
   34           | expression '@' • TYPEID '.' OBJECTID '(' expr_list ')'

    TYPEID  shift, and go to state 107


State 82

   31 expression: expression '.' • OBJECTID '(' ')'
   32           | expression '.' • OBJECTID '(' expr_list ')'

    OBJECTID  shift, and go to state 108


State 83

   13 feature: OBJECTID ':' TYPEID ASSIGN expression ';' •

    $default  reduce using rule 13 (feature)


State 84

   10 feature: OBJECTID '(' ')' ':' TYPEID '{' expression • '}' ';'
   31 expression: expression • '.' OBJECTID '(' ')'
   32           | expression • '.' OBJECTID '(' expr_list ')'
   33           | expression • '@' TYPEID '.' OBJECTID '(' ')'
   34           | expression • '@' TYPEID '.' OBJECTID '(' expr_list ')'
   44           | expression • '+' expression
   45           | expression • '-' expression
   46           | expression • '*' expression
   47           | expression • '/' expression
   49           | expression • '<' expression
   50           | expression • LE expression
   51           | expression • '=' expression

    LE   shift, and go to state 74
    '<'  shift, and go to state 75
    '='  shift, and go to state 76
    '+'  shift, and go to state 77
    '-'  shift, and go to state 78
    '*'  shift, and go to state 79
    '/'  shift, and go to state 80
    '@'  shift, and go to state 81
    '.'  shift, and go to state 82
    '}'  shift, and go to state 109


State 85

   11 feature: OBJECTID '(' formal_list ')' ':' TYPEID '{' • expression '}' ';'

    IF          shift, and go to state 42
    LET         shift, and go to state 43
    WHILE       shift, and go to state 44
    CASE        shift, and go to state 45
    NEW         shift, and go to state 46
    ISVOID      shift, and go to state 47
    STR_CONST   shift, and go to state 48
    INT_CONST   shift, and go to state 49
    BOOL_CONST  shift, and go to state 50
    OBJECTID    shift, and go to state 51
    NOT         shift, and go to state 52
    '~'         shift, and go to state 53
    '{'         shift, and go to state 54
    '('         shift, and go to state 55

    expression  go to state 110


State 86

   37 expression: IF expression THEN • expression ELSE expression FI

    IF          shift, and go to state 42
    LET         shift, and go to state 43
    WHILE       shift, and go to state 44
    CASE        shift, and go to state 45
    NEW         shift, and go to state 46
    ISVOID      shift, and go to state 47
    STR_CONST   shift, and go to state 48
    INT_CONST   shift, and go to state 49
    BOOL_CONST  shift, and go to state 50
    OBJECTID    shift, and go to state 51
    NOT         shift, and go to state 52
    '~'         shift, and go to state 53
    '{'         shift, and go to state 54
    '('         shift, and go to state 55

    expression  go to state 111


State 87

   26 let_expr: error ',' • let_expr

    error     shift, and go to state 60
    OBJECTID  shift, and go to state 61

    let_expr  go to state 112


State 88

   22 let_expr: OBJECTID ':' • TYPEID IN expression
   23         | OBJECTID ':' • TYPEID ASSIGN expression IN expression
   24         | OBJECTID ':' • TYPEID ',' let_expr
   25         | OBJECTID ':' • TYPEID ASSIGN expression ',' let_expr

    TYPEID  shift, and go to state 113


State 89

   38 expression: WHILE expression LOOP • expression POOL

    IF          shift, and go to state 42
    LET         shift, and go to state 43
    WHILE       shift, and go to state 44
    CASE        shift, and go to state 45
    NEW         shift, and go to state 46
    ISVOID      shift, and go to state 47
    STR_CONST   shift, and go to state 48
    INT_CONST   shift, and go to state 49
    BOOL_CONST  shift, and go to state 50
    OBJECTID    shift, and go to state 51
    NOT         shift, and go to state 52
    '~'         shift, and go to state 53
    '{'         shift, and go to state 54
    '('         shift, and go to state 55

    expression  go to state 114


State 90

   41 expression: CASE expression OF • case_list ESAC

    OBJECTID  shift, and go to state 115

    case_list  go to state 116
    case       go to state 117


State 91

   30 expression: OBJECTID ASSIGN expression •
   31           | expression • '.' OBJECTID '(' ')'
   32           | expression • '.' OBJECTID '(' expr_list ')'
   33           | expression • '@' TYPEID '.' OBJECTID '(' ')'
   34           | expression • '@' TYPEID '.' OBJECTID '(' expr_list ')'
   44           | expression • '+' expression
   45           | expression • '-' expression
   46           | expression • '*' expression
   47           | expression • '/' expression
   49           | expression • '<' expression
   50           | expression • LE expression
   51           | expression • '=' expression

    LE   shift, and go to state 74
    '<'  shift, and go to state 75
    '='  shift, and go to state 76
    '+'  shift, and go to state 77
    '-'  shift, and go to state 78
    '*'  shift, and go to state 79
    '/'  shift, and go to state 80
    '@'  shift, and go to state 81
    '.'  shift, and go to state 82

    $default  reduce using rule 30 (expression)


State 92

   35 expression: OBJECTID '(' ')' •

    $default  reduce using rule 35 (expression)


State 93

   21 expr_list: expr_list • ',' expression
   36 expression: OBJECTID '(' expr_list • ')'

    ')'  shift, and go to state 118
    ','  shift, and go to state 119


State 94

   20 expr_list: expression •
   31 expression: expression • '.' OBJECTID '(' ')'
   32           | expression • '.' OBJECTID '(' expr_list ')'
   33           | expression • '@' TYPEID '.' OBJECTID '(' ')'
   34           | expression • '@' TYPEID '.' OBJECTID '(' expr_list ')'
   44           | expression • '+' expression
   45           | expression • '-' expression
   46           | expression • '*' expression
   47           | expression • '/' expression
   49           | expression • '<' expression
   50           | expression • LE expression
   51           | expression • '=' expression

    LE   shift, and go to state 74
    '<'  shift, and go to state 75
    '='  shift, and go to state 76
    '+'  shift, and go to state 77
    '-'  shift, and go to state 78
    '*'  shift, and go to state 79
    '/'  shift, and go to state 80
    '@'  shift, and go to state 81
    '.'  shift, and go to state 82

    $default  reduce using rule 20 (expr_list)


State 95

   19 block_exprs: block_exprs error • ';'

    ';'  shift, and go to state 120


State 96

   39 expression: '{' block_exprs '}' •

    $default  reduce using rule 39 (expression)


State 97

   18 block_exprs: block_exprs expression • ';'
   31 expression: expression • '.' OBJECTID '(' ')'
   32           | expression • '.' OBJECTID '(' expr_list ')'
   33           | expression • '@' TYPEID '.' OBJECTID '(' ')'
   34           | expression • '@' TYPEID '.' OBJECTID '(' expr_list ')'
   44           | expression • '+' expression
   45           | expression • '-' expression
   46           | expression • '*' expression
   47           | expression • '/' expression
   49           | expression • '<' expression
   50           | expression • LE expression
   51           | expression • '=' expression

    LE   shift, and go to state 74
    '<'  shift, and go to state 75
    '='  shift, and go to state 76
    '+'  shift, and go to state 77
    '-'  shift, and go to state 78
    '*'  shift, and go to state 79
    '/'  shift, and go to state 80
    '@'  shift, and go to state 81
    '.'  shift, and go to state 82
    ';'  shift, and go to state 121


State 98

   17 block_exprs: expression ';' •

    $default  reduce using rule 17 (block_exprs)


State 99

   53 expression: '(' expression ')' •

    $default  reduce using rule 53 (expression)


State 100

   31 expression: expression • '.' OBJECTID '(' ')'
   32           | expression • '.' OBJECTID '(' expr_list ')'
   33           | expression • '@' TYPEID '.' OBJECTID '(' ')'
   34           | expression • '@' TYPEID '.' OBJECTID '(' expr_list ')'
   44           | expression • '+' expression
   45           | expression • '-' expression
   46           | expression • '*' expression
   47           | expression • '/' expression
   49           | expression • '<' expression
   50           | expression • LE expression
   50           | expression LE expression •
   51           | expression • '=' expression

    '+'  shift, and go to state 77
    '-'  shift, and go to state 78
    '*'  shift, and go to state 79
    '/'  shift, and go to state 80
    '@'  shift, and go to state 81
    '.'  shift, and go to state 82

    LE   error (nonassociative)
    '<'  error (nonassociative)
    '='  error (nonassociative)

    $default  reduce using rule 50 (expression)


State 101

   31 expression: expression • '.' OBJECTID '(' ')'
   32           | expression • '.' OBJECTID '(' expr_list ')'
   33           | expression • '@' TYPEID '.' OBJECTID '(' ')'
   34           | expression • '@' TYPEID '.' OBJECTID '(' expr_list ')'
   44           | expression • '+' expression
   45           | expression • '-' expression
   46           | expression • '*' expression
   47           | expression • '/' expression
   49           | expression • '<' expression
   49           | expression '<' expression •
   50           | expression • LE expression
   51           | expression • '=' expression

    '+'  shift, and go to state 77
    '-'  shift, and go to state 78
    '*'  shift, and go to state 79
    '/'  shift, and go to state 80
    '@'  shift, and go to state 81
    '.'  shift, and go to state 82

    LE   error (nonassociative)
    '<'  error (nonassociative)
    '='  error (nonassociative)

    $default  reduce using rule 49 (expression)


State 102

   31 expression: expression • '.' OBJECTID '(' ')'
   32           | expression • '.' OBJECTID '(' expr_list ')'
   33           | expression • '@' TYPEID '.' OBJECTID '(' ')'
   34           | expression • '@' TYPEID '.' OBJECTID '(' expr_list ')'
   44           | expression • '+' expression
   45           | expression • '-' expression
   46           | expression • '*' expression
   47           | expression • '/' expression
   49           | expression • '<' expression
   50           | expression • LE expression
   51           | expression • '=' expression
   51           | expression '=' expression •

    '+'  shift, and go to state 77
    '-'  shift, and go to state 78
    '*'  shift, and go to state 79
    '/'  shift, and go to state 80
    '@'  shift, and go to state 81
    '.'  shift, and go to state 82

    LE   error (nonassociative)
    '<'  error (nonassociative)
    '='  error (nonassociative)

    $default  reduce using rule 51 (expression)


State 103

   31 expression: expression • '.' OBJECTID '(' ')'
   32           | expression • '.' OBJECTID '(' expr_list ')'
   33           | expression • '@' TYPEID '.' OBJECTID '(' ')'
   34           | expression • '@' TYPEID '.' OBJECTID '(' expr_list ')'
   44           | expression • '+' expression
   44           | expression '+' expression •
   45           | expression • '-' expression
   46           | expression • '*' expression
   47           | expression • '/' expression
   49           | expression • '<' expression
   50           | expression • LE expression
   51           | expression • '=' expression

    '*'  shift, and go to state 79
    '/'  shift, and go to state 80
    '@'  shift, and go to state 81
    '.'  shift, and go to state 82

    $default  reduce using rule 44 (expression)


State 104

   31 expression: expression • '.' OBJECTID '(' ')'
   32           | expression • '.' OBJECTID '(' expr_list ')'
   33           | expression • '@' TYPEID '.' OBJECTID '(' ')'
   34           | expression • '@' TYPEID '.' OBJECTID '(' expr_list ')'
   44           | expression • '+' expression
   45           | expression • '-' expression
   45           | expression '-' expression •
   46           | expression • '*' expression
   47           | expression • '/' expression
   49           | expression • '<' expression
   50           | expression • LE expression
   51           | expression • '=' expression

    '*'  shift, and go to state 79
    '/'  shift, and go to state 80
    '@'  shift, and go to state 81
    '.'  shift, and go to state 82

    $default  reduce using rule 45 (expression)


State 105

   31 expression: expression • '.' OBJECTID '(' ')'
   32           | expression • '.' OBJECTID '(' expr_list ')'
   33           | expression • '@' TYPEID '.' OBJECTID '(' ')'
   34           | expression • '@' TYPEID '.' OBJECTID '(' expr_list ')'
   44           | expression • '+' expression
   45           | expression • '-' expression
   46           | expression • '*' expression
   46           | expression '*' expression •
   47           | expression • '/' expression
   49           | expression • '<' expression
   50           | expression • LE expression
   51           | expression • '=' expression

    '@'  shift, and go to state 81
    '.'  shift, and go to state 82

    $default  reduce using rule 46 (expression)


State 106

   31 expression: expression • '.' OBJECTID '(' ')'
   32           | expression • '.' OBJECTID '(' expr_list ')'
   33           | expression • '@' TYPEID '.' OBJECTID '(' ')'
   34           | expression • '@' TYPEID '.' OBJECTID '(' expr_list ')'
   44           | expression • '+' expression
   45           | expression • '-' expression
   46           | expression • '*' expression
   47           | expression • '/' expression
   47           | expression '/' expression •
   49           | expression • '<' expression
   50           | expression • LE expression
   51           | expression • '=' expression

    '@'  shift, and go to state 81
    '.'  shift, and go to state 82

    $default  reduce using rule 47 (expression)


State 107

   33 expression: expression '@' TYPEID • '.' OBJECTID '(' ')'
   34           | expression '@' TYPEID • '.' OBJECTID '(' expr_list ')'

    '.'  shift, and go to state 122


State 108

   31 expression: expression '.' OBJECTID • '(' ')'
   32           | expression '.' OBJECTID • '(' expr_list ')'

    '('  shift, and go to state 123


State 109

   10 feature: OBJECTID '(' ')' ':' TYPEID '{' expression '}' • ';'

    ';'  shift, and go to state 124


State 110

   11 feature: OBJECTID '(' formal_list ')' ':' TYPEID '{' expression • '}' ';'
   31 expression: expression • '.' OBJECTID '(' ')'
   32           | expression • '.' OBJECTID '(' expr_list ')'
   33           | expression • '@' TYPEID '.' OBJECTID '(' ')'
   34           | expression • '@' TYPEID '.' OBJECTID '(' expr_list ')'
   44           | expression • '+' expression
   45           | expression • '-' expression
   46           | expression • '*' expression
   47           | expression • '/' expression
   49           | expression • '<' expression
   50           | expression • LE expression
   51           | expression • '=' expression

    LE   shift, and go to state 74
    '<'  shift, and go to state 75
    '='  shift, and go to state 76
    '+'  shift, and go to state 77
    '-'  shift, and go to state 78
    '*'  shift, and go to state 79
    '/'  shift, and go to state 80
    '@'  shift, and go to state 81
    '.'  shift, and go to state 82
    '}'  shift, and go to state 125


State 111

   31 expression: expression • '.' OBJECTID '(' ')'
   32           | expression • '.' OBJECTID '(' expr_list ')'
   33           | expression • '@' TYPEID '.' OBJECTID '(' ')'
   34           | expression • '@' TYPEID '.' OBJECTID '(' expr_list ')'
   37           | IF expression THEN expression • ELSE expression FI
   44           | expression • '+' expression
   45           | expression • '-' expression
   46           | expression • '*' expression
   47           | expression • '/' expression
   49           | expression • '<' expression
   50           | expression • LE expression
   51           | expression • '=' expression

    ELSE  shift, and go to state 126
    LE    shift, and go to state 74
    '<'   shift, and go to state 75
    '='   shift, and go to state 76
    '+'   shift, and go to state 77
    '-'   shift, and go to state 78
    '*'   shift, and go to state 79
    '/'   shift, and go to state 80
    '@'   shift, and go to state 81
    '.'   shift, and go to state 82


State 112

   26 let_expr: error ',' let_expr •

    $default  reduce using rule 26 (let_expr)


State 113

   22 let_expr: OBJECTID ':' TYPEID • IN expression
   23         | OBJECTID ':' TYPEID • ASSIGN expression IN expression
   24         | OBJECTID ':' TYPEID • ',' let_expr
   25         | OBJECTID ':' TYPEID • ASSIGN expression ',' let_expr

    IN      shift, and go to state 127
    ASSIGN  shift, and go to state 128
    ','     shift, and go to state 129


State 114

   31 expression: expression • '.' OBJECTID '(' ')'
   32           | expression • '.' OBJECTID '(' expr_list ')'
   33           | expression • '@' TYPEID '.' OBJECTID '(' ')'
   34           | expression • '@' TYPEID '.' OBJECTID '(' expr_list ')'
   38           | WHILE expression LOOP expression • POOL
   44           | expression • '+' expression
   45           | expression • '-' expression
   46           | expression • '*' expression
   47           | expression • '/' expression
   49           | expression • '<' expression
   50           | expression • LE expression
   51           | expression • '=' expression

    POOL  shift, and go to state 130
    LE    shift, and go to state 74
    '<'   shift, and go to state 75
    '='   shift, and go to state 76
    '+'   shift, and go to state 77
    '-'   shift, and go to state 78
    '*'   shift, and go to state 79
    '/'   shift, and go to state 80
    '@'   shift, and go to state 81
    '.'   shift, and go to state 82


State 115

   29 case: OBJECTID • ':' TYPEID DARROW expression ';'

    ':'  shift, and go to state 131


State 116

   28 case_list: case_list • case
   41 expression: CASE expression OF case_list • ESAC

    ESAC      shift, and go to state 132
    OBJECTID  shift, and go to state 115

    case  go to state 133


State 117

   27 case_list: case •

    $default  reduce using rule 27 (case_list)


State 118

   36 expression: OBJECTID '(' expr_list ')' •

    $default  reduce using rule 36 (expression)


State 119

   21 expr_list: expr_list ',' • expression

    IF          shift, and go to state 42
    LET         shift, and go to state 43
    WHILE       shift, and go to state 44
    CASE        shift, and go to state 45
    NEW         shift, and go to state 46
    ISVOID      shift, and go to state 47
    STR_CONST   shift, and go to state 48
    INT_CONST   shift, and go to state 49
    BOOL_CONST  shift, and go to state 50
    OBJECTID    shift, and go to state 51
    NOT         shift, and go to state 52
    '~'         shift, and go to state 53
    '{'         shift, and go to state 54
    '('         shift, and go to state 55

    expression  go to state 134


State 120

   19 block_exprs: block_exprs error ';' •

    $default  reduce using rule 19 (block_exprs)


State 121

   18 block_exprs: block_exprs expression ';' •

    $default  reduce using rule 18 (block_exprs)


State 122

   33 expression: expression '@' TYPEID '.' • OBJECTID '(' ')'
   34           | expression '@' TYPEID '.' • OBJECTID '(' expr_list ')'

    OBJECTID  shift, and go to state 135


State 123

   31 expression: expression '.' OBJECTID '(' • ')'
   32           | expression '.' OBJECTID '(' • expr_list ')'

    IF          shift, and go to state 42
    LET         shift, and go to state 43
    WHILE       shift, and go to state 44
    CASE        shift, and go to state 45
    NEW         shift, and go to state 46
    ISVOID      shift, and go to state 47
    STR_CONST   shift, and go to state 48
    INT_CONST   shift, and go to state 49
    BOOL_CONST  shift, and go to state 50
    OBJECTID    shift, and go to state 51
    NOT         shift, and go to state 52
    '~'         shift, and go to state 53
    '{'         shift, and go to state 54
    '('         shift, and go to state 55
    ')'         shift, and go to state 136

    expr_list   go to state 137
    expression  go to state 94


State 124

   10 feature: OBJECTID '(' ')' ':' TYPEID '{' expression '}' ';' •

    $default  reduce using rule 10 (feature)


State 125

   11 feature: OBJECTID '(' formal_list ')' ':' TYPEID '{' expression '}' • ';'

    ';'  shift, and go to state 138


State 126

   37 expression: IF expression THEN expression ELSE • expression FI

    IF          shift, and go to state 42
    LET         shift, and go to state 43
    WHILE       shift, and go to state 44
    CASE        shift, and go to state 45
    NEW         shift, and go to state 46
    ISVOID      shift, and go to state 47
    STR_CONST   shift, and go to state 48
    INT_CONST   shift, and go to state 49
    BOOL_CONST  shift, and go to state 50
    OBJECTID    shift, and go to state 51
    NOT         shift, and go to state 52
    '~'         shift, and go to state 53
    '{'         shift, and go to state 54
    '('         shift, and go to state 55

    expression  go to state 139


State 127

   22 let_expr: OBJECTID ':' TYPEID IN • expression

    IF          shift, and go to state 42
    LET         shift, and go to state 43
    WHILE       shift, and go to state 44
    CASE        shift, and go to state 45
    NEW         shift, and go to state 46
    ISVOID      shift, and go to state 47
    STR_CONST   shift, and go to state 48
    INT_CONST   shift, and go to state 49
    BOOL_CONST  shift, and go to state 50
    OBJECTID    shift, and go to state 51
    NOT         shift, and go to state 52
    '~'         shift, and go to state 53
    '{'         shift, and go to state 54
    '('         shift, and go to state 55

    expression  go to state 140


State 128

   23 let_expr: OBJECTID ':' TYPEID ASSIGN • expression IN expression
   25         | OBJECTID ':' TYPEID ASSIGN • expression ',' let_expr

    IF          shift, and go to state 42
    LET         shift, and go to state 43
    WHILE       shift, and go to state 44
    CASE        shift, and go to state 45
    NEW         shift, and go to state 46
    ISVOID      shift, and go to state 47
    STR_CONST   shift, and go to state 48
    INT_CONST   shift, and go to state 49
    BOOL_CONST  shift, and go to state 50
    OBJECTID    shift, and go to state 51
    NOT         shift, and go to state 52
    '~'         shift, and go to state 53
    '{'         shift, and go to state 54
    '('         shift, and go to state 55

    expression  go to state 141


State 129

   24 let_expr: OBJECTID ':' TYPEID ',' • let_expr

    error     shift, and go to state 60
    OBJECTID  shift, and go to state 61

    let_expr  go to state 142


State 130

   38 expression: WHILE expression LOOP expression POOL •

    $default  reduce using rule 38 (expression)


State 131

   29 case: OBJECTID ':' • TYPEID DARROW expression ';'

    TYPEID  shift, and go to state 143


State 132

   41 expression: CASE expression OF case_list ESAC •

    $default  reduce using rule 41 (expression)


State 133

   28 case_list: case_list case •

    $default  reduce using rule 28 (case_list)


State 134

   21 expr_list: expr_list ',' expression •
   31 expression: expression • '.' OBJECTID '(' ')'
   32           | expression • '.' OBJECTID '(' expr_list ')'
   33           | expression • '@' TYPEID '.' OBJECTID '(' ')'
   34           | expression • '@' TYPEID '.' OBJECTID '(' expr_list ')'
   44           | expression • '+' expression
   45           | expression • '-' expression
   46           | expression • '*' expression
   47           | expression • '/' expression
   49           | expression • '<' expression
   50           | expression • LE expression
   51           | expression • '=' expression

    LE   shift, and go to state 74
    '<'  shift, and go to state 75
    '='  shift, and go to state 76
    '+'  shift, and go to state 77
    '-'  shift, and go to state 78
    '*'  shift, and go to state 79
    '/'  shift, and go to state 80
    '@'  shift, and go to state 81
    '.'  shift, and go to state 82

    $default  reduce using rule 21 (expr_list)


State 135

   33 expression: expression '@' TYPEID '.' OBJECTID • '(' ')'
   34           | expression '@' TYPEID '.' OBJECTID • '(' expr_list ')'

    '('  shift, and go to state 144


State 136

   31 expression: expression '.' OBJECTID '(' ')' •

    $default  reduce using rule 31 (expression)


State 137

   21 expr_list: expr_list • ',' expression
   32 expression: expression '.' OBJECTID '(' expr_list • ')'

    ')'  shift, and go to state 145
    ','  shift, and go to state 119


State 138

   11 feature: OBJECTID '(' formal_list ')' ':' TYPEID '{' expression '}' ';' •

    $default  reduce using rule 11 (feature)


State 139

   31 expression: expression • '.' OBJECTID '(' ')'
   32           | expression • '.' OBJECTID '(' expr_list ')'
   33           | expression • '@' TYPEID '.' OBJECTID '(' ')'
   34           | expression • '@' TYPEID '.' OBJECTID '(' expr_list ')'
   37           | IF expression THEN expression ELSE expression • FI
   44           | expression • '+' expression
   45           | expression • '-' expression
   46           | expression • '*' expression
   47           | expression • '/' expression
   49           | expression • '<' expression
   50           | expression • LE expression
   51           | expression • '=' expression

    FI   shift, and go to state 146
    LE   shift, and go to state 74
    '<'  shift, and go to state 75
    '='  shift, and go to state 76
    '+'  shift, and go to state 77
    '-'  shift, and go to state 78
    '*'  shift, and go to state 79
    '/'  shift, and go to state 80
    '@'  shift, and go to state 81
    '.'  shift, and go to state 82


State 140

   22 let_expr: OBJECTID ':' TYPEID IN expression •
   31 expression: expression • '.' OBJECTID '(' ')'
   32           | expression • '.' OBJECTID '(' expr_list ')'
   33           | expression • '@' TYPEID '.' OBJECTID '(' ')'
   34           | expression • '@' TYPEID '.' OBJECTID '(' expr_list ')'
   44           | expression • '+' expression
   45           | expression • '-' expression
   46           | expression • '*' expression
   47           | expression • '/' expression
   49           | expression • '<' expression
   50           | expression • LE expression
   51           | expression • '=' expression

    LE   shift, and go to state 74
    '<'  shift, and go to state 75
    '='  shift, and go to state 76
    '+'  shift, and go to state 77
    '-'  shift, and go to state 78
    '*'  shift, and go to state 79
    '/'  shift, and go to state 80
    '@'  shift, and go to state 81
    '.'  shift, and go to state 82

    LE        [reduce using rule 22 (let_expr)]
    '<'       [reduce using rule 22 (let_expr)]
    '='       [reduce using rule 22 (let_expr)]
    '+'       [reduce using rule 22 (let_expr)]
    '-'       [reduce using rule 22 (let_expr)]
    '*'       [reduce using rule 22 (let_expr)]
    '/'       [reduce using rule 22 (let_expr)]
    '@'       [reduce using rule 22 (let_expr)]
    '.'       [reduce using rule 22 (let_expr)]
    $default  reduce using rule 22 (let_expr)


State 141

   23 let_expr: OBJECTID ':' TYPEID ASSIGN expression • IN expression
   25         | OBJECTID ':' TYPEID ASSIGN expression • ',' let_expr
   31 expression: expression • '.' OBJECTID '(' ')'
   32           | expression • '.' OBJECTID '(' expr_list ')'
   33           | expression • '@' TYPEID '.' OBJECTID '(' ')'
   34           | expression • '@' TYPEID '.' OBJECTID '(' expr_list ')'
   44           | expression • '+' expression
   45           | expression • '-' expression
   46           | expression • '*' expression
   47           | expression • '/' expression
   49           | expression • '<' expression
   50           | expression • LE expression
   51           | expression • '=' expression

    IN   shift, and go to state 147
    LE   shift, and go to state 74
    '<'  shift, and go to state 75
    '='  shift, and go to state 76
    '+'  shift, and go to state 77
    '-'  shift, and go to state 78
    '*'  shift, and go to state 79
    '/'  shift, and go to state 80
    '@'  shift, and go to state 81
    '.'  shift, and go to state 82
    ','  shift, and go to state 148


State 142

   24 let_expr: OBJECTID ':' TYPEID ',' let_expr •

    $default  reduce using rule 24 (let_expr)


State 143

   29 case: OBJECTID ':' TYPEID • DARROW expression ';'

    DARROW  shift, and go to state 149


State 144

   33 expression: expression '@' TYPEID '.' OBJECTID '(' • ')'
   34           | expression '@' TYPEID '.' OBJECTID '(' • expr_list ')'

    IF          shift, and go to state 42
    LET         shift, and go to state 43
    WHILE       shift, and go to state 44
    CASE        shift, and go to state 45
    NEW         shift, and go to state 46
    ISVOID      shift, and go to state 47
    STR_CONST   shift, and go to state 48
    INT_CONST   shift, and go to state 49
    BOOL_CONST  shift, and go to state 50
    OBJECTID    shift, and go to state 51
    NOT         shift, and go to state 52
    '~'         shift, and go to state 53
    '{'         shift, and go to state 54
    '('         shift, and go to state 55
    ')'         shift, and go to state 150

    expr_list   go to state 151
    expression  go to state 94


State 145

   32 expression: expression '.' OBJECTID '(' expr_list ')' •

    $default  reduce using rule 32 (expression)


State 146

   37 expression: IF expression THEN expression ELSE expression FI •

    $default  reduce using rule 37 (expression)


State 147

   23 let_expr: OBJECTID ':' TYPEID ASSIGN expression IN • expression

    IF          shift, and go to state 42
    LET         shift, and go to state 43
    WHILE       shift, and go to state 44
    CASE        shift, and go to state 45
    NEW         shift, and go to state 46
    ISVOID      shift, and go to state 47
    STR_CONST   shift, and go to state 48
    INT_CONST   shift, and go to state 49
    BOOL_CONST  shift, and go to state 50
    OBJECTID    shift, and go to state 51
    NOT         shift, and go to state 52
    '~'         shift, and go to state 53
    '{'         shift, and go to state 54
    '('         shift, and go to state 55

    expression  go to state 152


State 148

   25 let_expr: OBJECTID ':' TYPEID ASSIGN expression ',' • let_expr

    error     shift, and go to state 60
    OBJECTID  shift, and go to state 61

    let_expr  go to state 153


State 149

   29 case: OBJECTID ':' TYPEID DARROW • expression ';'

    IF          shift, and go to state 42
    LET         shift, and go to state 43
    WHILE       shift, and go to state 44
    CASE        shift, and go to state 45
    NEW         shift, and go to state 46
    ISVOID      shift, and go to state 47
    STR_CONST   shift, and go to state 48
    INT_CONST   shift, and go to state 49
    BOOL_CONST  shift, and go to state 50
    OBJECTID    shift, and go to state 51
    NOT         shift, and go to state 52
    '~'         shift, and go to state 53
    '{'         shift, and go to state 54
    '('         shift, and go to state 55

    expression  go to state 154


State 150

   33 expression: expression '@' TYPEID '.' OBJECTID '(' ')' •

    $default  reduce using rule 33 (expression)


State 151

   21 expr_list: expr_list • ',' expression
   34 expression: expression '@' TYPEID '.' OBJECTID '(' expr_list • ')'

    ')'  shift, and go to state 155
    ','  shift, and go to state 119


State 152

   23 let_expr: OBJECTID ':' TYPEID ASSIGN expression IN expression •
   31 expression: expression • '.' OBJECTID '(' ')'
   32           | expression • '.' OBJECTID '(' expr_list ')'
   33           | expression • '@' TYPEID '.' OBJECTID '(' ')'
   34           | expression • '@' TYPEID '.' OBJECTID '(' expr_list ')'
   44           | expression • '+' expression
   45           | expression • '-' expression
   46           | expression • '*' expression
   47           | expression • '/' expression
   49           | expression • '<' expression
   50           | expression • LE expression
   51           | expression • '=' expression

    LE   shift, and go to state 74
    '<'  shift, and go to state 75
    '='  shift, and go to state 76
    '+'  shift, and go to state 77
    '-'  shift, and go to state 78
    '*'  shift, and go to state 79
    '/'  shift, and go to state 80
    '@'  shift, and go to state 81
    '.'  shift, and go to state 82

    LE        [reduce using rule 23 (let_expr)]
    '<'       [reduce using rule 23 (let_expr)]
    '='       [reduce using rule 23 (let_expr)]
    '+'       [reduce using rule 23 (let_expr)]
    '-'       [reduce using rule 23 (let_expr)]
    '*'       [reduce using rule 23 (let_expr)]
    '/'       [reduce using rule 23 (let_expr)]
    '@'       [reduce using rule 23 (let_expr)]
    '.'       [reduce using rule 23 (let_expr)]
    $default  reduce using rule 23 (let_expr)


State 153

   25 let_expr: OBJECTID ':' TYPEID ASSIGN expression ',' let_expr •

    $default  reduce using rule 25 (let_expr)


State 154

   29 case: OBJECTID ':' TYPEID DARROW expression • ';'
   31 expression: expression • '.' OBJECTID '(' ')'
   32           | expression • '.' OBJECTID '(' expr_list ')'
   33           | expression • '@' TYPEID '.' OBJECTID '(' ')'
   34           | expression • '@' TYPEID '.' OBJECTID '(' expr_list ')'
   44           | expression • '+' expression
   45           | expression • '-' expression
   46           | expression • '*' expression
   47           | expression • '/' expression
   49           | expression • '<' expression
   50           | expression • LE expression
   51           | expression • '=' expression

    LE   shift, and go to state 74
    '<'  shift, and go to state 75
    '='  shift, and go to state 76
    '+'  shift, and go to state 77
    '-'  shift, and go to state 78
    '*'  shift, and go to state 79
    '/'  shift, and go to state 80
    '@'  shift, and go to state 81
    '.'  shift, and go to state 82
    ';'  shift, and go to state 156


State 155

   34 expression: expression '@' TYPEID '.' OBJECTID '(' expr_list ')' •

    $default  reduce using rule 34 (expression)


State 156

   29 case: OBJECTID ':' TYPEID DARROW expression ';' •

    $default  reduce using rule 29 (case)
